[1.559s] DEBUG:colcon:Command line arguments: ['/usr/bin/colcon', 'build', '--packages-select', 'imc_ros_bridge']
[1.559s] DEBUG:colcon:Parsed command line arguments: Namespace(log_base=None, log_level=None, verb_name='build', build_base='build', install_base='install', merge_install=False, symlink_install=False, test_result_base=None, continue_on_error=False, executor='parallel', parallel_workers=16, event_handlers=None, ignore_user_meta=False, metas=['./colcon.meta'], base_paths=['.'], packages_ignore=None, packages_ignore_regex=None, paths=None, packages_up_to=None, packages_up_to_regex=None, packages_above=None, packages_above_and_dependencies=None, packages_above_depth=None, packages_select_by_dep=None, packages_skip_by_dep=None, packages_skip_up_to=None, packages_select_build_failed=False, packages_skip_build_finished=False, packages_select_test_failures=False, packages_skip_test_passed=False, packages_select=['imc_ros_bridge'], packages_skip=None, packages_select_regex=None, packages_skip_regex=None, packages_start=None, packages_end=None, allow_overriding=[], cmake_args=None, cmake_target=None, cmake_target_skip_unavailable=False, cmake_clean_cache=False, cmake_clean_first=False, cmake_force_configure=False, ament_cmake_args=None, catkin_cmake_args=None, catkin_skip_building_tests=False, verb_parser=<colcon_defaults.argument_parser.defaults.DefaultArgumentsDecorator object at 0x7fe30afcf6d0>, verb_extension=<colcon_core.verb.build.BuildVerb object at 0x7fe30af0a020>, main=<bound method BuildVerb.main of <colcon_core.verb.build.BuildVerb object at 0x7fe30af0a020>>)
[1.645s] Level 1:colcon.colcon_core.package_discovery:discover_packages(colcon_meta) check parameters
[1.645s] Level 1:colcon.colcon_core.package_discovery:discover_packages(recursive) check parameters
[1.645s] Level 1:colcon.colcon_core.package_discovery:discover_packages(ignore) check parameters
[1.645s] Level 1:colcon.colcon_core.package_discovery:discover_packages(path) check parameters
[1.646s] Level 1:colcon.colcon_core.package_discovery:discover_packages(colcon_meta) discover
[1.646s] Level 1:colcon.colcon_core.package_discovery:discover_packages(recursive) discover
[1.646s] INFO:colcon.colcon_core.package_discovery:Crawling recursively for packages in '/home/olaya/ros2_ws/src/imc_ros'
[1.646s] Level 1:colcon.colcon_core.package_identification:_identify(.) by extensions ['ignore', 'ignore_ament_install']
[1.647s] Level 1:colcon.colcon_core.package_identification:_identify(.) by extension 'ignore'
[1.647s] Level 1:colcon.colcon_core.package_identification:_identify(.) by extension 'ignore_ament_install'
[1.647s] Level 1:colcon.colcon_core.package_identification:_identify(.) by extensions ['colcon_pkg']
[1.647s] Level 1:colcon.colcon_core.package_identification:_identify(.) by extension 'colcon_pkg'
[1.648s] Level 1:colcon.colcon_core.package_identification:_identify(.) by extensions ['colcon_meta']
[1.648s] Level 1:colcon.colcon_core.package_identification:_identify(.) by extension 'colcon_meta'
[1.648s] Level 1:colcon.colcon_core.package_identification:_identify(.) by extensions ['ros']
[1.648s] Level 1:colcon.colcon_core.package_identification:_identify(.) by extension 'ros'
[1.688s] Level 1:colcon.colcon_core.package_identification:_identify(.) by extensions ['cmake', 'python']
[1.688s] Level 1:colcon.colcon_core.package_identification:_identify(.) by extension 'cmake'
[1.689s] Level 1:colcon.colcon_core.package_identification:_identify(.) by extension 'python'
[1.689s] Level 1:colcon.colcon_core.package_identification:_identify(.) by extensions ['python_setup_py']
[1.689s] Level 1:colcon.colcon_core.package_identification:_identify(.) by extension 'python_setup_py'
[1.689s] Level 1:colcon.colcon_core.package_identification:_identify(build) by extensions ['ignore', 'ignore_ament_install']
[1.690s] Level 1:colcon.colcon_core.package_identification:_identify(build) by extension 'ignore'
[1.690s] Level 1:colcon.colcon_core.package_identification:_identify(build) ignored
[1.690s] Level 1:colcon.colcon_core.package_identification:_identify(imc_ros_bridge) by extensions ['ignore', 'ignore_ament_install']
[1.691s] Level 1:colcon.colcon_core.package_identification:_identify(imc_ros_bridge) by extension 'ignore'
[1.691s] Level 1:colcon.colcon_core.package_identification:_identify(imc_ros_bridge) by extension 'ignore_ament_install'
[1.691s] Level 1:colcon.colcon_core.package_identification:_identify(imc_ros_bridge) by extensions ['colcon_pkg']
[1.691s] Level 1:colcon.colcon_core.package_identification:_identify(imc_ros_bridge) by extension 'colcon_pkg'
[1.691s] Level 1:colcon.colcon_core.package_identification:_identify(imc_ros_bridge) by extensions ['colcon_meta']
[1.692s] Level 1:colcon.colcon_core.package_identification:_identify(imc_ros_bridge) by extension 'colcon_meta'
[1.692s] Level 1:colcon.colcon_core.package_identification:_identify(imc_ros_bridge) by extensions ['ros']
[1.692s] Level 1:colcon.colcon_core.package_identification:_identify(imc_ros_bridge) by extension 'ros'
[1.700s] DEBUG:colcon.colcon_core.package_identification:Package 'imc_ros_bridge' with type 'ros.ament_cmake' and name 'imc_ros_bridge'
[1.700s] Level 1:colcon.colcon_core.package_identification:_identify(imc_ros_msgs) by extensions ['ignore', 'ignore_ament_install']
[1.701s] Level 1:colcon.colcon_core.package_identification:_identify(imc_ros_msgs) by extension 'ignore'
[1.701s] Level 1:colcon.colcon_core.package_identification:_identify(imc_ros_msgs) by extension 'ignore_ament_install'
[1.701s] Level 1:colcon.colcon_core.package_identification:_identify(imc_ros_msgs) by extensions ['colcon_pkg']
[1.701s] Level 1:colcon.colcon_core.package_identification:_identify(imc_ros_msgs) by extension 'colcon_pkg'
[1.702s] Level 1:colcon.colcon_core.package_identification:_identify(imc_ros_msgs) by extensions ['colcon_meta']
[1.702s] Level 1:colcon.colcon_core.package_identification:_identify(imc_ros_msgs) by extension 'colcon_meta'
[1.702s] Level 1:colcon.colcon_core.package_identification:_identify(imc_ros_msgs) by extensions ['ros']
[1.702s] Level 1:colcon.colcon_core.package_identification:_identify(imc_ros_msgs) by extension 'ros'
[1.704s] DEBUG:colcon.colcon_core.package_identification:Package 'imc_ros_msgs' with type 'ros.ament_cmake' and name 'imc_ros_msgs'
[1.704s] Level 1:colcon.colcon_core.package_identification:_identify(install) by extensions ['ignore', 'ignore_ament_install']
[1.705s] Level 1:colcon.colcon_core.package_identification:_identify(install) by extension 'ignore'
[1.705s] Level 1:colcon.colcon_core.package_identification:_identify(install) ignored
[1.705s] Level 1:colcon.colcon_core.package_identification:_identify(log) by extensions ['ignore', 'ignore_ament_install']
[1.706s] Level 1:colcon.colcon_core.package_identification:_identify(log) by extension 'ignore'
[1.706s] Level 1:colcon.colcon_core.package_identification:_identify(log) ignored
[1.706s] Level 1:colcon.colcon_core.package_discovery:discover_packages(recursive) using defaults
[1.706s] Level 1:colcon.colcon_core.package_discovery:discover_packages(ignore) discover
[1.706s] Level 1:colcon.colcon_core.package_discovery:discover_packages(ignore) using defaults
[1.706s] Level 1:colcon.colcon_core.package_discovery:discover_packages(path) discover
[1.706s] Level 1:colcon.colcon_core.package_discovery:discover_packages(path) using defaults
[1.783s] INFO:colcon.colcon_core.package_selection:Skipping not selected package 'imc_ros_msgs' in 'imc_ros_msgs'
[1.786s] Level 1:colcon.colcon_core.package_discovery:discover_packages(prefix_path) check parameters
[1.786s] Level 1:colcon.colcon_core.package_discovery:discover_packages(prefix_path) discover
[1.795s] DEBUG:colcon.colcon_installed_package_information.package_discovery:Found 2 installed packages in /home/olaya/ros2_ws/src/imc_ros/install
[1.802s] DEBUG:colcon.colcon_installed_package_information.package_discovery:Found 285 installed packages in /opt/ros/humble
[1.807s] Level 1:colcon.colcon_core.package_discovery:discover_packages(prefix_path) using defaults
[2.019s] Level 5:colcon.colcon_core.verb:set package 'imc_ros_bridge' build argument 'cmake_args' from command line to 'None'
[2.019s] Level 5:colcon.colcon_core.verb:set package 'imc_ros_bridge' build argument 'cmake_target' from command line to 'None'
[2.019s] Level 5:colcon.colcon_core.verb:set package 'imc_ros_bridge' build argument 'cmake_target_skip_unavailable' from command line to 'False'
[2.020s] Level 5:colcon.colcon_core.verb:set package 'imc_ros_bridge' build argument 'cmake_clean_cache' from command line to 'False'
[2.020s] Level 5:colcon.colcon_core.verb:set package 'imc_ros_bridge' build argument 'cmake_clean_first' from command line to 'False'
[2.020s] Level 5:colcon.colcon_core.verb:set package 'imc_ros_bridge' build argument 'cmake_force_configure' from command line to 'False'
[2.020s] Level 5:colcon.colcon_core.verb:set package 'imc_ros_bridge' build argument 'ament_cmake_args' from command line to 'None'
[2.020s] Level 5:colcon.colcon_core.verb:set package 'imc_ros_bridge' build argument 'catkin_cmake_args' from command line to 'None'
[2.020s] Level 5:colcon.colcon_core.verb:set package 'imc_ros_bridge' build argument 'catkin_skip_building_tests' from command line to 'False'
[2.020s] DEBUG:colcon.colcon_core.verb:Building package 'imc_ros_bridge' with the following arguments: {'ament_cmake_args': None, 'build_base': '/home/olaya/ros2_ws/src/imc_ros/build/imc_ros_bridge', 'catkin_cmake_args': None, 'catkin_skip_building_tests': False, 'cmake_args': None, 'cmake_clean_cache': False, 'cmake_clean_first': False, 'cmake_force_configure': False, 'cmake_target': None, 'cmake_target_skip_unavailable': False, 'install_base': '/home/olaya/ros2_ws/src/imc_ros/install/imc_ros_bridge', 'merge_install': False, 'path': '/home/olaya/ros2_ws/src/imc_ros/imc_ros_bridge', 'symlink_install': False, 'test_result_base': None}
[2.023s] INFO:colcon.colcon_core.executor:Executing jobs using 'parallel' executor
[2.034s] DEBUG:colcon.colcon_parallel_executor.executor.parallel:run_until_complete
[2.034s] INFO:colcon.colcon_ros.task.ament_cmake.build:Building ROS package in '/home/olaya/ros2_ws/src/imc_ros/imc_ros_bridge' with build type 'ament_cmake'
[2.035s] INFO:colcon.colcon_cmake.task.cmake.build:Building CMake package in '/home/olaya/ros2_ws/src/imc_ros/imc_ros_bridge'
[2.048s] INFO:colcon.colcon_core.plugin_system:Skipping extension 'colcon_core.shell.bat': Not used on non-Windows systems
[2.049s] INFO:colcon.colcon_core.shell:Skip shell extension 'powershell' for command environment: Not usable outside of PowerShell
[2.049s] DEBUG:colcon.colcon_core.shell:Skip shell extension 'dsv' for command environment
[2.104s] DEBUG:colcon.colcon_core.event_handler.log_command:Invoking command in '/home/olaya/ros2_ws/src/imc_ros/build/imc_ros_bridge': CMAKE_PREFIX_PATH=${CMAKE_PREFIX_PATH}:/opt/ros/humble /usr/bin/cmake --build /home/olaya/ros2_ws/src/imc_ros/build/imc_ros_bridge -- -j16 -l16
[37.097s] DEBUG:colcon.colcon_core.event_handler.log_command:Invoked command in '/home/olaya/ros2_ws/src/imc_ros/build/imc_ros_bridge' returned '2': CMAKE_PREFIX_PATH=${CMAKE_PREFIX_PATH}:/opt/ros/humble /usr/bin/cmake --build /home/olaya/ros2_ws/src/imc_ros/build/imc_ros_bridge -- -j16 -l16
[37.381s] Level 1:colcon.colcon_core.environment:create_environment_scripts_only(imc_ros_bridge)
[37.398s] Level 1:colcon.colcon_core.environment:checking '/home/olaya/ros2_ws/src/imc_ros/install/imc_ros_bridge' for CMake module files
[37.399s] Level 1:colcon.colcon_core.environment:checking '/home/olaya/ros2_ws/src/imc_ros/install/imc_ros_bridge' for CMake config files
[37.401s] Level 1:colcon.colcon_core.environment:checking '/home/olaya/ros2_ws/src/imc_ros/install/imc_ros_bridge/bin'
[37.401s] Level 1:colcon.colcon_core.environment:checking '/home/olaya/ros2_ws/src/imc_ros/install/imc_ros_bridge/lib/pkgconfig/imc_ros_bridge.pc'
[37.402s] Level 1:colcon.colcon_core.environment:checking '/home/olaya/ros2_ws/src/imc_ros/install/imc_ros_bridge/lib/python3.10/site-packages'
[37.403s] Level 1:colcon.colcon_core.environment:checking '/home/olaya/ros2_ws/src/imc_ros/install/imc_ros_bridge/bin'
[37.408s] INFO:colcon.colcon_core.shell:Creating package script '/home/olaya/ros2_ws/src/imc_ros/install/imc_ros_bridge/share/imc_ros_bridge/package.ps1'
[37.412s] INFO:colcon.colcon_core.shell:Creating package descriptor '/home/olaya/ros2_ws/src/imc_ros/install/imc_ros_bridge/share/imc_ros_bridge/package.dsv'
[37.413s] INFO:colcon.colcon_core.shell:Creating package script '/home/olaya/ros2_ws/src/imc_ros/install/imc_ros_bridge/share/imc_ros_bridge/package.sh'
[37.416s] INFO:colcon.colcon_core.shell:Creating package script '/home/olaya/ros2_ws/src/imc_ros/install/imc_ros_bridge/share/imc_ros_bridge/package.bash'
[37.419s] INFO:colcon.colcon_core.shell:Creating package script '/home/olaya/ros2_ws/src/imc_ros/install/imc_ros_bridge/share/imc_ros_bridge/package.zsh'
[37.421s] Level 1:colcon.colcon_core.environment:create_file_with_runtime_dependencies(/home/olaya/ros2_ws/src/imc_ros/install/imc_ros_bridge/share/colcon-core/packages/imc_ros_bridge)
[37.432s] DEBUG:colcon.colcon_parallel_executor.executor.parallel:closing loop
[37.433s] DEBUG:colcon.colcon_parallel_executor.executor.parallel:loop closed
[37.433s] DEBUG:colcon.colcon_parallel_executor.executor.parallel:run_until_complete finished with '2'
[37.433s] DEBUG:colcon.colcon_core.event_reactor:joining thread
[37.452s] INFO:colcon.colcon_core.plugin_system:Skipping extension 'colcon_notification.desktop_notification.terminal_notifier': Not used on non-Darwin systems
[37.452s] INFO:colcon.colcon_core.plugin_system:Skipping extension 'colcon_notification.desktop_notification.win32': Not used on non-Windows systems
[37.452s] INFO:colcon.colcon_notification.desktop_notification:Sending desktop notification using 'notify2'
[37.491s] DEBUG:colcon.colcon_core.event_reactor:joined thread
[37.498s] INFO:colcon.colcon_core.shell:Creating prefix script '/home/olaya/ros2_ws/src/imc_ros/install/local_setup.ps1'
[37.501s] INFO:colcon.colcon_core.shell:Creating prefix util module '/home/olaya/ros2_ws/src/imc_ros/install/_local_setup_util_ps1.py'
[37.506s] INFO:colcon.colcon_core.shell:Creating prefix chain script '/home/olaya/ros2_ws/src/imc_ros/install/setup.ps1'
[37.513s] INFO:colcon.colcon_core.shell:Creating prefix script '/home/olaya/ros2_ws/src/imc_ros/install/local_setup.sh'
[37.515s] INFO:colcon.colcon_core.shell:Creating prefix util module '/home/olaya/ros2_ws/src/imc_ros/install/_local_setup_util_sh.py'
[37.517s] INFO:colcon.colcon_core.shell:Creating prefix chain script '/home/olaya/ros2_ws/src/imc_ros/install/setup.sh'
[37.522s] INFO:colcon.colcon_core.shell:Creating prefix script '/home/olaya/ros2_ws/src/imc_ros/install/local_setup.bash'
[37.524s] INFO:colcon.colcon_core.shell:Creating prefix chain script '/home/olaya/ros2_ws/src/imc_ros/install/setup.bash'
[37.530s] INFO:colcon.colcon_core.shell:Creating prefix script '/home/olaya/ros2_ws/src/imc_ros/install/local_setup.zsh'
[37.532s] INFO:colcon.colcon_core.shell:Creating prefix chain script '/home/olaya/ros2_ws/src/imc_ros/install/setup.zsh'
