[0.040s] Invoking command in '/home/olaya/ros2_ws/src/imc_ros/build/imc_ros_msgs': CMAKE_PREFIX_PATH=/opt/ros/humble /usr/bin/cmake /home/olaya/ros2_ws/src/imc_ros/imc_ros_msgs -DCMAKE_INSTALL_PREFIX=/home/olaya/ros2_ws/src/imc_ros/install/imc_ros_msgs
[0.208s] -- The C compiler identification is GNU 11.4.0
[0.398s] -- The CXX compiler identification is GNU 11.4.0
[0.423s] -- Detecting C compiler ABI info
[0.636s] -- Detecting C compiler ABI info - done
[0.664s] -- Check for working C compiler: /usr/bin/cc - skipped
[0.665s] -- Detecting C compile features
[0.666s] -- Detecting C compile features - done
[0.678s] -- Detecting CXX compiler ABI info
[0.934s] -- Detecting CXX compiler ABI info - done
[0.964s] -- Check for working CXX compiler: /usr/bin/c++ - skipped
[0.965s] -- Detecting CXX compile features
[0.966s] -- Detecting CXX compile features - done
[0.973s] -- Found ament_cmake: 1.3.5 (/opt/ros/humble/share/ament_cmake/cmake)
[1.573s] -- Found Python3: /usr/bin/python3.10 (found version "3.10.12") found components: Interpreter 
[1.841s] -- Found rclcpp: 16.0.5 (/opt/ros/humble/share/rclcpp/cmake)
[1.983s] -- Found rosidl_generator_c: 3.1.5 (/opt/ros/humble/share/rosidl_generator_c/cmake)
[1.997s] -- Found rosidl_adapter: 3.1.5 (/opt/ros/humble/share/rosidl_adapter/cmake)
[2.025s] -- Found rosidl_generator_cpp: 3.1.5 (/opt/ros/humble/share/rosidl_generator_cpp/cmake)
[2.074s] -- Using all available rosidl_typesupport_c: rosidl_typesupport_fastrtps_c;rosidl_typesupport_introspection_c
[2.141s] -- Using all available rosidl_typesupport_cpp: rosidl_typesupport_fastrtps_cpp;rosidl_typesupport_introspection_cpp
[2.384s] -- Found rmw_implementation_cmake: 6.1.1 (/opt/ros/humble/share/rmw_implementation_cmake/cmake)
[2.391s] -- Found rmw_fastrtps_cpp: 6.2.3 (/opt/ros/humble/share/rmw_fastrtps_cpp/cmake)
[2.689s] -- Found OpenSSL: /usr/lib/x86_64-linux-gnu/libcrypto.so (found version "3.0.2")  
[2.781s] -- Found FastRTPS: /opt/ros/humble/include  
[2.936s] -- Using RMW implementation 'rmw_fastrtps_cpp' as default
[2.966s] -- Looking for pthread.h
[3.196s] -- Looking for pthread.h - found
[3.197s] -- Performing Test CMAKE_HAVE_LIBC_PTHREAD
[3.427s] -- Performing Test CMAKE_HAVE_LIBC_PTHREAD - Success
[3.431s] -- Found Threads: TRUE  
[4.121s] -- Found rosidl_default_generators: 1.2.0 (/opt/ros/humble/share/rosidl_default_generators/cmake)
[4.966s] [31mCMake Error at /opt/ros/humble/share/rosidl_cmake/cmake/rosidl_generate_interfaces.cmake:162 (message):
[4.967s]   rosidl_generate_interfaces() the passed dependency 'sensor_msgs' has not
[4.967s]   been found before using find_package()
[4.968s] Call Stack (most recent call first):
[4.968s]   CMakeLists.txt:14 (rosidl_generate_interfaces)
[4.968s] 
[4.968s] [0m
[4.969s] -- Configuring incomplete, errors occurred!
[4.969s] See also "/home/olaya/ros2_ws/src/imc_ros/build/imc_ros_msgs/CMakeFiles/CMakeOutput.log".
[4.993s] Invoked command in '/home/olaya/ros2_ws/src/imc_ros/build/imc_ros_msgs' returned '1': CMAKE_PREFIX_PATH=/opt/ros/humble /usr/bin/cmake /home/olaya/ros2_ws/src/imc_ros/imc_ros_msgs -DCMAKE_INSTALL_PREFIX=/home/olaya/ros2_ws/src/imc_ros/install/imc_ros_msgs
