-- Found ament_cmake: 1.3.5 (/opt/ros/humble/share/ament_cmake/cmake)
-- Found rclcpp: 16.0.5 (/opt/ros/humble/share/rclcpp/cmake)
-- Found rosidl_generator_c: 3.1.5 (/opt/ros/humble/share/rosidl_generator_c/cmake)
-- Found rosidl_adapter: 3.1.5 (/opt/ros/humble/share/rosidl_adapter/cmake)
-- Found rosidl_generator_cpp: 3.1.5 (/opt/ros/humble/share/rosidl_generator_cpp/cmake)
-- Using all available rosidl_typesupport_c: rosidl_typesupport_fastrtps_c;rosidl_typesupport_introspection_c
-- Using all available rosidl_typesupport_cpp: rosidl_typesupport_fastrtps_cpp;rosidl_typesupport_introspection_cpp
-- Found rmw_implementation_cmake: 6.1.1 (/opt/ros/humble/share/rmw_implementation_cmake/cmake)
-- Found rmw_fastrtps_cpp: 6.2.3 (/opt/ros/humble/share/rmw_fastrtps_cpp/cmake)
-- Using RMW implementation 'rmw_fastrtps_cpp' as default
-- Found imc_ros_msgs: 0.0.0 (/home/olaya/ros2_ws/src/imc_ros/install/imc_ros_msgs/share/imc_ros_msgs/cmake)
-- Found tf2: 0.25.3 (/opt/ros/humble/share/tf2/cmake)
-- Found tf2_ros: 0.25.3 (/opt/ros/humble/share/tf2_ros/cmake)
-- Found tf2_geometry_msgs: 0.25.3 (/opt/ros/humble/share/tf2_geometry_msgs/cmake)
-- Found eigen3_cmake_module: 0.1.1 (/opt/ros/humble/share/eigen3_cmake_module/cmake)
-- Found Eigen3: TRUE (found version "3.4.0") 
-- Ensuring Eigen3 include directory is part of orocos-kdl CMake target
-- Found Boost: /usr/lib/x86_64-linux-gnu/cmake/Boost-1.74.0/BoostConfig.cmake (found version "1.74.0") found components: thread 
-- Found ament_lint_auto: 0.12.7 (/opt/ros/humble/share/ament_lint_auto/cmake)
-- Added test 'cppcheck' to perform static code analysis on C / C++ code
-- Configured cppcheck include dirs: /home/olaya/ros2_ws/src/imc_ros/imc_ros_bridge/include;/home/olaya/ros2_ws/src/imc_ros/imc_ros_bridge/include/imc_to_ros;/home/olaya/ros2_ws/src/imc_ros/imc_ros_bridge/include/imc_ros_bridge/ros_to_imc;/home/olaya/ros2_ws/src/imc_ros/imc_ros_bridge/include/imc_tcp_link;/home/olaya/ros2_ws/src/imc_ros/imc_ros_bridge/include/imc_udp_link;/home/olaya/ros2_ws/src/imc_ros/imc_ros_bridge/external/imc-cxx;/home/olaya/ros2_ws/src/imc_ros/imc_ros_bridge/external/md5;$<BUILD_INTERFACE:/home/olaya/ros2_ws/src/imc_ros/imc_ros_bridge/include>
-- Configured cppcheck exclude dirs and/or files: 
-- Added test 'lint_cmake' to check CMake code style
-- Added test 'uncrustify' to check C / C++ code style
-- Configured uncrustify additional arguments: 
-- Added test 'xmllint' to check XML markup files
-- Configuring done
-- Generating done
-- Build files have been written to: /home/olaya/ros2_ws/src/imc_ros/build/imc_ros_bridge
[  7%] [32mBuilding CXX object CMakeFiles/imc_to_ros_plandb.dir/src/imc_to_ros/PlanDB.cpp.o[0m
[  7%] [32mBuilding CXX object CMakeFiles/md5.dir/external/md5/md5.cpp.o[0m
[  7%] [32mBuilding CXX object CMakeFiles/imc_to_ros_heartbeat.dir/src/imc_to_ros/Heartbeat.cpp.o[0m
[  9%] [32mBuilding CXX object CMakeFiles/ros_to_imc_gpsfix.dir/src/ros_to_imc/GpsFix.cpp.o[0m
[  9%] [32mBuilding CXX object CMakeFiles/ros_to_imc_heartbeat.dir/src/ros_to_imc/Heartbeat.cpp.o[0m
[ 11%] [32mBuilding CXX object CMakeFiles/imc_to_ros_goto.dir/src/imc_to_ros/Goto.cpp.o[0m
[ 15%] [32mBuilding CXX object CMakeFiles/ros_to_imc_plandb.dir/src/ros_to_imc/PlanDB.cpp.o[0m
[ 15%] [32mBuilding CXX object CMakeFiles/ros_to_imc_goto.dir/src/ros_to_imc/Goto.cpp.o[0m
[ 17%] [32mBuilding CXX object CMakeFiles/ros_to_imc_vehiclestate.dir/src/ros_to_imc/VehicleState.cpp.o[0m
[ 19%] [32mBuilding CXX object CMakeFiles/imc_to_ros_plancontrol.dir/src/imc_to_ros/PlanControl.cpp.o[0m
[ 21%] [32mBuilding CXX object CMakeFiles/ros_to_imc_gpsnavdata.dir/src/ros_to_imc/GpsNavData.cpp.o[0m
[ 23%] [32mBuilding CXX object CMakeFiles/imc_to_ros_abort.dir/src/imc_to_ros/Abort.cpp.o[0m
[ 25%] [32mBuilding CXX object CMakeFiles/imc_factory.dir/external/imc-cxx/IMC/Base/Factory.cpp.o[0m
[ 26%] [32mBuilding CXX object CMakeFiles/ros_to_imc_plancontrolstate.dir/src/ros_to_imc/PlanControlState.cpp.o[0m
[ 28%] [32mBuilding CXX object CMakeFiles/ros_to_imc_estimatedstate.dir/src/ros_to_imc/EstimatedState.cpp.o[0m
[ 30%] [32mBuilding CXX object CMakeFiles/ros_to_imc_remotestate.dir/src/ros_to_imc/RemoteState.cpp.o[0m
[ 32%] [32m[1mLinking CXX static library libmd5.a[0m
[ 32%] Built target md5
[ 34%] [32mBuilding CXX object CMakeFiles/ros_to_imc_sonardata.dir/src/ros_to_imc/SonarData.cpp.o[0m
[ 36%] [32m[1mLinking CXX static library libimc_to_ros_heartbeat.a[0m
[ 36%] Built target imc_to_ros_heartbeat
[ 38%] [32m[1mLinking CXX static library libimc_to_ros_goto.a[0m
[ 40%] [32m[1mLinking CXX static library libros_to_imc_gpsfix.a[0m
[ 40%] Built target imc_to_ros_goto
[ 40%] Built target ros_to_imc_gpsfix
[ 42%] [32m[1mLinking CXX static library libros_to_imc_gpsnavdata.a[0m
[ 42%] Built target ros_to_imc_gpsnavdata
[ 44%] [32m[1mLinking CXX static library libimc_to_ros_abort.a[0m
[ 44%] Built target imc_to_ros_abort
[ 46%] [32m[1mLinking CXX static library libros_to_imc_heartbeat.a[0m
[ 48%] [32m[1mLinking CXX static library libros_to_imc_goto.a[0m
[ 48%] Built target ros_to_imc_heartbeat
[ 48%] Built target ros_to_imc_goto
[ 50%] [32m[1mLinking CXX static library libimc_factory.a[0m
[ 50%] Built target imc_factory
