[0.043s] Invoking command in '/home/olaya/ros2_ws/src/imc_ros/build/imc_ros_bridge': CMAKE_PREFIX_PATH=/opt/ros/humble /usr/bin/cmake /home/olaya/ros2_ws/src/imc_ros/imc_ros_bridge -DCMAKE_INSTALL_PREFIX=/home/olaya/ros2_ws/src/imc_ros/install/imc_ros_bridge
[0.216s] -- The C compiler identification is GNU 11.4.0
[0.404s] -- The CXX compiler identification is GNU 11.4.0
[0.430s] -- Detecting C compiler ABI info
[0.644s] -- Detecting C compiler ABI info - done
[0.676s] -- Check for working C compiler: /usr/bin/cc - skipped
[0.677s] -- Detecting C compile features
[0.679s] -- Detecting C compile features - done
[0.690s] -- Detecting CXX compiler ABI info
[0.949s] -- Detecting CXX compiler ABI info - done
[0.978s] -- Check for working CXX compiler: /usr/bin/c++ - skipped
[0.979s] -- Detecting CXX compile features
[0.980s] -- Detecting CXX compile features - done
[0.987s] -- Found ament_cmake: 1.3.5 (/opt/ros/humble/share/ament_cmake/cmake)
[1.593s] -- Found Python3: /usr/bin/python3.10 (found version "3.10.12") found components: Interpreter 
[1.880s] -- Found rclcpp: 16.0.5 (/opt/ros/humble/share/rclcpp/cmake)
[2.023s] -- Found rosidl_generator_c: 3.1.5 (/opt/ros/humble/share/rosidl_generator_c/cmake)
[2.039s] -- Found rosidl_adapter: 3.1.5 (/opt/ros/humble/share/rosidl_adapter/cmake)
[2.069s] -- Found rosidl_generator_cpp: 3.1.5 (/opt/ros/humble/share/rosidl_generator_cpp/cmake)
[2.118s] -- Using all available rosidl_typesupport_c: rosidl_typesupport_fastrtps_c;rosidl_typesupport_introspection_c
[2.194s] -- Using all available rosidl_typesupport_cpp: rosidl_typesupport_fastrtps_cpp;rosidl_typesupport_introspection_cpp
[2.443s] -- Found rmw_implementation_cmake: 6.1.1 (/opt/ros/humble/share/rmw_implementation_cmake/cmake)
[2.452s] -- Found rmw_fastrtps_cpp: 6.2.3 (/opt/ros/humble/share/rmw_fastrtps_cpp/cmake)
[2.759s] -- Found OpenSSL: /usr/lib/x86_64-linux-gnu/libcrypto.so (found version "3.0.2")  
[2.860s] -- Found FastRTPS: /opt/ros/humble/include  
[3.027s] -- Using RMW implementation 'rmw_fastrtps_cpp' as default
[3.061s] -- Looking for pthread.h
[3.277s] -- Looking for pthread.h - found
[3.278s] -- Performing Test CMAKE_HAVE_LIBC_PTHREAD
[3.499s] -- Performing Test CMAKE_HAVE_LIBC_PTHREAD - Success
[3.503s] -- Found Threads: TRUE  
[4.139s] [31mCMake Error at CMakeLists.txt:13 (find_package):
[4.140s]   By not providing "Findimc_ros_msgs.cmake" in CMAKE_MODULE_PATH this project
[4.140s]   has asked CMake to find a package configuration file provided by
[4.140s]   "imc_ros_msgs", but CMake did not find one.
[4.141s] 
[4.141s]   Could not find a package configuration file provided by "imc_ros_msgs" with
[4.141s]   any of the following names:
[4.142s] 
[4.142s]     imc_ros_msgsConfig.cmake
[4.142s]     imc_ros_msgs-config.cmake
[4.143s] 
[4.143s]   Add the installation prefix of "imc_ros_msgs" to CMAKE_PREFIX_PATH or set
[4.143s]   "imc_ros_msgs_DIR" to a directory containing one of the above files.  If
[4.144s]   "imc_ros_msgs" provides a separate development package or SDK, be sure it
[4.144s]   has been installed.
[4.144s] 
[4.144s] [0m
[4.145s] -- Configuring incomplete, errors occurred!
[4.145s] See also "/home/olaya/ros2_ws/src/imc_ros/build/imc_ros_bridge/CMakeFiles/CMakeOutput.log".
[4.165s] Invoked command in '/home/olaya/ros2_ws/src/imc_ros/build/imc_ros_bridge' returned '1': CMAKE_PREFIX_PATH=/opt/ros/humble /usr/bin/cmake /home/olaya/ros2_ws/src/imc_ros/imc_ros_bridge -DCMAKE_INSTALL_PREFIX=/home/olaya/ros2_ws/src/imc_ros/install/imc_ros_bridge
