[1.585s] DEBUG:colcon:Command line arguments: ['/usr/bin/colcon', 'build', '--packages-select', 'imc_ros_bridge']
[1.586s] DEBUG:colcon:Parsed command line arguments: Namespace(log_base=None, log_level=None, verb_name='build', build_base='build', install_base='install', merge_install=False, symlink_install=False, test_result_base=None, continue_on_error=False, executor='parallel', parallel_workers=16, event_handlers=None, ignore_user_meta=False, metas=['./colcon.meta'], base_paths=['.'], packages_ignore=None, packages_ignore_regex=None, paths=None, packages_up_to=None, packages_up_to_regex=None, packages_above=None, packages_above_and_dependencies=None, packages_above_depth=None, packages_select_by_dep=None, packages_skip_by_dep=None, packages_skip_up_to=None, packages_select_build_failed=False, packages_skip_build_finished=False, packages_select_test_failures=False, packages_skip_test_passed=False, packages_select=['imc_ros_bridge'], packages_skip=None, packages_select_regex=None, packages_skip_regex=None, packages_start=None, packages_end=None, allow_overriding=[], cmake_args=None, cmake_target=None, cmake_target_skip_unavailable=False, cmake_clean_cache=False, cmake_clean_first=False, cmake_force_configure=False, ament_cmake_args=None, catkin_cmake_args=None, catkin_skip_building_tests=False, verb_parser=<colcon_defaults.argument_parser.defaults.DefaultArgumentsDecorator object at 0x7ff4e4bc7670>, verb_extension=<colcon_core.verb.build.BuildVerb object at 0x7ff4e4b01f90>, main=<bound method BuildVerb.main of <colcon_core.verb.build.BuildVerb object at 0x7ff4e4b01f90>>)
[1.670s] Level 1:colcon.colcon_core.package_discovery:discover_packages(colcon_meta) check parameters
[1.671s] Level 1:colcon.colcon_core.package_discovery:discover_packages(recursive) check parameters
[1.671s] Level 1:colcon.colcon_core.package_discovery:discover_packages(ignore) check parameters
[1.671s] Level 1:colcon.colcon_core.package_discovery:discover_packages(path) check parameters
[1.671s] Level 1:colcon.colcon_core.package_discovery:discover_packages(colcon_meta) discover
[1.671s] Level 1:colcon.colcon_core.package_discovery:discover_packages(recursive) discover
[1.672s] INFO:colcon.colcon_core.package_discovery:Crawling recursively for packages in '/home/olaya/ros2_ws/src/imc_ros'
[1.672s] Level 1:colcon.colcon_core.package_identification:_identify(.) by extensions ['ignore', 'ignore_ament_install']
[1.672s] Level 1:colcon.colcon_core.package_identification:_identify(.) by extension 'ignore'
[1.673s] Level 1:colcon.colcon_core.package_identification:_identify(.) by extension 'ignore_ament_install'
[1.673s] Level 1:colcon.colcon_core.package_identification:_identify(.) by extensions ['colcon_pkg']
[1.673s] Level 1:colcon.colcon_core.package_identification:_identify(.) by extension 'colcon_pkg'
[1.674s] Level 1:colcon.colcon_core.package_identification:_identify(.) by extensions ['colcon_meta']
[1.674s] Level 1:colcon.colcon_core.package_identification:_identify(.) by extension 'colcon_meta'
[1.674s] Level 1:colcon.colcon_core.package_identification:_identify(.) by extensions ['ros']
[1.674s] Level 1:colcon.colcon_core.package_identification:_identify(.) by extension 'ros'
[1.717s] Level 1:colcon.colcon_core.package_identification:_identify(.) by extensions ['cmake', 'python']
[1.717s] Level 1:colcon.colcon_core.package_identification:_identify(.) by extension 'cmake'
[1.717s] Level 1:colcon.colcon_core.package_identification:_identify(.) by extension 'python'
[1.717s] Level 1:colcon.colcon_core.package_identification:_identify(.) by extensions ['python_setup_py']
[1.718s] Level 1:colcon.colcon_core.package_identification:_identify(.) by extension 'python_setup_py'
[1.718s] Level 1:colcon.colcon_core.package_identification:_identify(build) by extensions ['ignore', 'ignore_ament_install']
[1.718s] Level 1:colcon.colcon_core.package_identification:_identify(build) by extension 'ignore'
[1.718s] Level 1:colcon.colcon_core.package_identification:_identify(build) ignored
[1.719s] Level 1:colcon.colcon_core.package_identification:_identify(imc_ros_bridge) by extensions ['ignore', 'ignore_ament_install']
[1.719s] Level 1:colcon.colcon_core.package_identification:_identify(imc_ros_bridge) by extension 'ignore'
[1.719s] Level 1:colcon.colcon_core.package_identification:_identify(imc_ros_bridge) by extension 'ignore_ament_install'
[1.720s] Level 1:colcon.colcon_core.package_identification:_identify(imc_ros_bridge) by extensions ['colcon_pkg']
[1.720s] Level 1:colcon.colcon_core.package_identification:_identify(imc_ros_bridge) by extension 'colcon_pkg'
[1.720s] Level 1:colcon.colcon_core.package_identification:_identify(imc_ros_bridge) by extensions ['colcon_meta']
[1.720s] Level 1:colcon.colcon_core.package_identification:_identify(imc_ros_bridge) by extension 'colcon_meta'
[1.720s] Level 1:colcon.colcon_core.package_identification:_identify(imc_ros_bridge) by extensions ['ros']
[1.721s] Level 1:colcon.colcon_core.package_identification:_identify(imc_ros_bridge) by extension 'ros'
[1.730s] DEBUG:colcon.colcon_core.package_identification:Package 'imc_ros_bridge' with type 'ros.ament_cmake' and name 'imc_ros_bridge'
[1.731s] Level 1:colcon.colcon_core.package_identification:_identify(imc_ros_msgs) by extensions ['ignore', 'ignore_ament_install']
[1.731s] Level 1:colcon.colcon_core.package_identification:_identify(imc_ros_msgs) by extension 'ignore'
[1.731s] Level 1:colcon.colcon_core.package_identification:_identify(imc_ros_msgs) by extension 'ignore_ament_install'
[1.731s] Level 1:colcon.colcon_core.package_identification:_identify(imc_ros_msgs) by extensions ['colcon_pkg']
[1.732s] Level 1:colcon.colcon_core.package_identification:_identify(imc_ros_msgs) by extension 'colcon_pkg'
[1.732s] Level 1:colcon.colcon_core.package_identification:_identify(imc_ros_msgs) by extensions ['colcon_meta']
[1.732s] Level 1:colcon.colcon_core.package_identification:_identify(imc_ros_msgs) by extension 'colcon_meta'
[1.732s] Level 1:colcon.colcon_core.package_identification:_identify(imc_ros_msgs) by extensions ['ros']
[1.732s] Level 1:colcon.colcon_core.package_identification:_identify(imc_ros_msgs) by extension 'ros'
[1.734s] DEBUG:colcon.colcon_core.package_identification:Package 'imc_ros_msgs' with type 'ros.ament_cmake' and name 'imc_ros_msgs'
[1.735s] Level 1:colcon.colcon_core.package_identification:_identify(install) by extensions ['ignore', 'ignore_ament_install']
[1.735s] Level 1:colcon.colcon_core.package_identification:_identify(install) by extension 'ignore'
[1.735s] Level 1:colcon.colcon_core.package_identification:_identify(install) ignored
[1.736s] Level 1:colcon.colcon_core.package_identification:_identify(log) by extensions ['ignore', 'ignore_ament_install']
[1.736s] Level 1:colcon.colcon_core.package_identification:_identify(log) by extension 'ignore'
[1.736s] Level 1:colcon.colcon_core.package_identification:_identify(log) ignored
[1.737s] Level 1:colcon.colcon_core.package_discovery:discover_packages(recursive) using defaults
[1.737s] Level 1:colcon.colcon_core.package_discovery:discover_packages(ignore) discover
[1.737s] Level 1:colcon.colcon_core.package_discovery:discover_packages(ignore) using defaults
[1.737s] Level 1:colcon.colcon_core.package_discovery:discover_packages(path) discover
[1.737s] Level 1:colcon.colcon_core.package_discovery:discover_packages(path) using defaults
[1.819s] INFO:colcon.colcon_core.package_selection:Skipping not selected package 'imc_ros_msgs' in 'imc_ros_msgs'
[1.822s] Level 1:colcon.colcon_core.package_discovery:discover_packages(prefix_path) check parameters
[1.822s] Level 1:colcon.colcon_core.package_discovery:discover_packages(prefix_path) discover
[1.831s] DEBUG:colcon.colcon_installed_package_information.package_discovery:Found 2 installed packages in /home/olaya/ros2_ws/src/imc_ros/install
[1.837s] DEBUG:colcon.colcon_installed_package_information.package_discovery:Found 285 installed packages in /opt/ros/humble
[1.842s] Level 1:colcon.colcon_core.package_discovery:discover_packages(prefix_path) using defaults
[2.066s] Level 5:colcon.colcon_core.verb:set package 'imc_ros_bridge' build argument 'cmake_args' from command line to 'None'
[2.066s] Level 5:colcon.colcon_core.verb:set package 'imc_ros_bridge' build argument 'cmake_target' from command line to 'None'
[2.066s] Level 5:colcon.colcon_core.verb:set package 'imc_ros_bridge' build argument 'cmake_target_skip_unavailable' from command line to 'False'
[2.066s] Level 5:colcon.colcon_core.verb:set package 'imc_ros_bridge' build argument 'cmake_clean_cache' from command line to 'False'
[2.067s] Level 5:colcon.colcon_core.verb:set package 'imc_ros_bridge' build argument 'cmake_clean_first' from command line to 'False'
[2.067s] Level 5:colcon.colcon_core.verb:set package 'imc_ros_bridge' build argument 'cmake_force_configure' from command line to 'False'
[2.067s] Level 5:colcon.colcon_core.verb:set package 'imc_ros_bridge' build argument 'ament_cmake_args' from command line to 'None'
[2.067s] Level 5:colcon.colcon_core.verb:set package 'imc_ros_bridge' build argument 'catkin_cmake_args' from command line to 'None'
[2.067s] Level 5:colcon.colcon_core.verb:set package 'imc_ros_bridge' build argument 'catkin_skip_building_tests' from command line to 'False'
[2.067s] DEBUG:colcon.colcon_core.verb:Building package 'imc_ros_bridge' with the following arguments: {'ament_cmake_args': None, 'build_base': '/home/olaya/ros2_ws/src/imc_ros/build/imc_ros_bridge', 'catkin_cmake_args': None, 'catkin_skip_building_tests': False, 'cmake_args': None, 'cmake_clean_cache': False, 'cmake_clean_first': False, 'cmake_force_configure': False, 'cmake_target': None, 'cmake_target_skip_unavailable': False, 'install_base': '/home/olaya/ros2_ws/src/imc_ros/install/imc_ros_bridge', 'merge_install': False, 'path': '/home/olaya/ros2_ws/src/imc_ros/imc_ros_bridge', 'symlink_install': False, 'test_result_base': None}
[2.070s] INFO:colcon.colcon_core.executor:Executing jobs using 'parallel' executor
[2.081s] DEBUG:colcon.colcon_parallel_executor.executor.parallel:run_until_complete
[2.082s] INFO:colcon.colcon_ros.task.ament_cmake.build:Building ROS package in '/home/olaya/ros2_ws/src/imc_ros/imc_ros_bridge' with build type 'ament_cmake'
[2.083s] INFO:colcon.colcon_cmake.task.cmake.build:Building CMake package in '/home/olaya/ros2_ws/src/imc_ros/imc_ros_bridge'
[2.098s] INFO:colcon.colcon_core.plugin_system:Skipping extension 'colcon_core.shell.bat': Not used on non-Windows systems
[2.099s] INFO:colcon.colcon_core.shell:Skip shell extension 'powershell' for command environment: Not usable outside of PowerShell
[2.099s] DEBUG:colcon.colcon_core.shell:Skip shell extension 'dsv' for command environment
[2.159s] DEBUG:colcon.colcon_core.event_handler.log_command:Invoking command in '/home/olaya/ros2_ws/src/imc_ros/build/imc_ros_bridge': CMAKE_PREFIX_PATH=${CMAKE_PREFIX_PATH}:/opt/ros/humble /usr/bin/cmake --build /home/olaya/ros2_ws/src/imc_ros/build/imc_ros_bridge -- -j16 -l16
[37.995s] DEBUG:colcon.colcon_core.event_handler.log_command:Invoked command in '/home/olaya/ros2_ws/src/imc_ros/build/imc_ros_bridge' returned '2': CMAKE_PREFIX_PATH=${CMAKE_PREFIX_PATH}:/opt/ros/humble /usr/bin/cmake --build /home/olaya/ros2_ws/src/imc_ros/build/imc_ros_bridge -- -j16 -l16
[38.288s] Level 1:colcon.colcon_core.environment:create_environment_scripts_only(imc_ros_bridge)
[38.305s] Level 1:colcon.colcon_core.environment:checking '/home/olaya/ros2_ws/src/imc_ros/install/imc_ros_bridge' for CMake module files
[38.307s] Level 1:colcon.colcon_core.environment:checking '/home/olaya/ros2_ws/src/imc_ros/install/imc_ros_bridge' for CMake config files
[38.309s] Level 1:colcon.colcon_core.environment:checking '/home/olaya/ros2_ws/src/imc_ros/install/imc_ros_bridge/bin'
[38.309s] Level 1:colcon.colcon_core.environment:checking '/home/olaya/ros2_ws/src/imc_ros/install/imc_ros_bridge/lib/pkgconfig/imc_ros_bridge.pc'
[38.310s] Level 1:colcon.colcon_core.environment:checking '/home/olaya/ros2_ws/src/imc_ros/install/imc_ros_bridge/lib/python3.10/site-packages'
[38.311s] Level 1:colcon.colcon_core.environment:checking '/home/olaya/ros2_ws/src/imc_ros/install/imc_ros_bridge/bin'
[38.318s] INFO:colcon.colcon_core.shell:Creating package script '/home/olaya/ros2_ws/src/imc_ros/install/imc_ros_bridge/share/imc_ros_bridge/package.ps1'
[38.321s] INFO:colcon.colcon_core.shell:Creating package descriptor '/home/olaya/ros2_ws/src/imc_ros/install/imc_ros_bridge/share/imc_ros_bridge/package.dsv'
[38.323s] INFO:colcon.colcon_core.shell:Creating package script '/home/olaya/ros2_ws/src/imc_ros/install/imc_ros_bridge/share/imc_ros_bridge/package.sh'
[38.326s] INFO:colcon.colcon_core.shell:Creating package script '/home/olaya/ros2_ws/src/imc_ros/install/imc_ros_bridge/share/imc_ros_bridge/package.bash'
[38.329s] INFO:colcon.colcon_core.shell:Creating package script '/home/olaya/ros2_ws/src/imc_ros/install/imc_ros_bridge/share/imc_ros_bridge/package.zsh'
[38.332s] Level 1:colcon.colcon_core.environment:create_file_with_runtime_dependencies(/home/olaya/ros2_ws/src/imc_ros/install/imc_ros_bridge/share/colcon-core/packages/imc_ros_bridge)
[38.343s] DEBUG:colcon.colcon_parallel_executor.executor.parallel:closing loop
[38.343s] DEBUG:colcon.colcon_parallel_executor.executor.parallel:loop closed
[38.343s] DEBUG:colcon.colcon_parallel_executor.executor.parallel:run_until_complete finished with '2'
[38.344s] DEBUG:colcon.colcon_core.event_reactor:joining thread
[38.365s] INFO:colcon.colcon_core.plugin_system:Skipping extension 'colcon_notification.desktop_notification.terminal_notifier': Not used on non-Darwin systems
[38.365s] INFO:colcon.colcon_core.plugin_system:Skipping extension 'colcon_notification.desktop_notification.win32': Not used on non-Windows systems
[38.366s] INFO:colcon.colcon_notification.desktop_notification:Sending desktop notification using 'notify2'
[38.408s] DEBUG:colcon.colcon_core.event_reactor:joined thread
[38.413s] INFO:colcon.colcon_core.shell:Creating prefix script '/home/olaya/ros2_ws/src/imc_ros/install/local_setup.ps1'
[38.417s] INFO:colcon.colcon_core.shell:Creating prefix util module '/home/olaya/ros2_ws/src/imc_ros/install/_local_setup_util_ps1.py'
[38.422s] INFO:colcon.colcon_core.shell:Creating prefix chain script '/home/olaya/ros2_ws/src/imc_ros/install/setup.ps1'
[38.427s] INFO:colcon.colcon_core.shell:Creating prefix script '/home/olaya/ros2_ws/src/imc_ros/install/local_setup.sh'
[38.430s] INFO:colcon.colcon_core.shell:Creating prefix util module '/home/olaya/ros2_ws/src/imc_ros/install/_local_setup_util_sh.py'
[38.432s] INFO:colcon.colcon_core.shell:Creating prefix chain script '/home/olaya/ros2_ws/src/imc_ros/install/setup.sh'
[38.438s] INFO:colcon.colcon_core.shell:Creating prefix script '/home/olaya/ros2_ws/src/imc_ros/install/local_setup.bash'
[38.440s] INFO:colcon.colcon_core.shell:Creating prefix chain script '/home/olaya/ros2_ws/src/imc_ros/install/setup.bash'
[38.445s] INFO:colcon.colcon_core.shell:Creating prefix script '/home/olaya/ros2_ws/src/imc_ros/install/local_setup.zsh'
[38.448s] INFO:colcon.colcon_core.shell:Creating prefix chain script '/home/olaya/ros2_ws/src/imc_ros/install/setup.zsh'
