[1.608s] DEBUG:colcon:Command line arguments: ['/usr/bin/colcon', 'build', '--packages-select', 'imc_ros_msgs']
[1.608s] DEBUG:colcon:Parsed command line arguments: Namespace(log_base=None, log_level=None, verb_name='build', build_base='build', install_base='install', merge_install=False, symlink_install=False, test_result_base=None, continue_on_error=False, executor='parallel', parallel_workers=16, event_handlers=None, ignore_user_meta=False, metas=['./colcon.meta'], base_paths=['.'], packages_ignore=None, packages_ignore_regex=None, paths=None, packages_up_to=None, packages_up_to_regex=None, packages_above=None, packages_above_and_dependencies=None, packages_above_depth=None, packages_select_by_dep=None, packages_skip_by_dep=None, packages_skip_up_to=None, packages_select_build_failed=False, packages_skip_build_finished=False, packages_select_test_failures=False, packages_skip_test_passed=False, packages_select=['imc_ros_msgs'], packages_skip=None, packages_select_regex=None, packages_skip_regex=None, packages_start=None, packages_end=None, allow_overriding=[], cmake_args=None, cmake_target=None, cmake_target_skip_unavailable=False, cmake_clean_cache=False, cmake_clean_first=False, cmake_force_configure=False, ament_cmake_args=None, catkin_cmake_args=None, catkin_skip_building_tests=False, verb_parser=<colcon_defaults.argument_parser.defaults.DefaultArgumentsDecorator object at 0x7f26478cb370>, verb_extension=<colcon_core.verb.build.BuildVerb object at 0x7f2647806860>, main=<bound method BuildVerb.main of <colcon_core.verb.build.BuildVerb object at 0x7f2647806860>>)
[1.697s] Level 1:colcon.colcon_core.package_discovery:discover_packages(colcon_meta) check parameters
[1.698s] Level 1:colcon.colcon_core.package_discovery:discover_packages(recursive) check parameters
[1.698s] Level 1:colcon.colcon_core.package_discovery:discover_packages(ignore) check parameters
[1.698s] Level 1:colcon.colcon_core.package_discovery:discover_packages(path) check parameters
[1.698s] Level 1:colcon.colcon_core.package_discovery:discover_packages(colcon_meta) discover
[1.698s] Level 1:colcon.colcon_core.package_discovery:discover_packages(recursive) discover
[1.699s] INFO:colcon.colcon_core.package_discovery:Crawling recursively for packages in '/home/olaya/ros2_ws/src/imc_ros'
[1.699s] Level 1:colcon.colcon_core.package_identification:_identify(.) by extensions ['ignore', 'ignore_ament_install']
[1.699s] Level 1:colcon.colcon_core.package_identification:_identify(.) by extension 'ignore'
[1.699s] Level 1:colcon.colcon_core.package_identification:_identify(.) by extension 'ignore_ament_install'
[1.700s] Level 1:colcon.colcon_core.package_identification:_identify(.) by extensions ['colcon_pkg']
[1.700s] Level 1:colcon.colcon_core.package_identification:_identify(.) by extension 'colcon_pkg'
[1.700s] Level 1:colcon.colcon_core.package_identification:_identify(.) by extensions ['colcon_meta']
[1.700s] Level 1:colcon.colcon_core.package_identification:_identify(.) by extension 'colcon_meta'
[1.700s] Level 1:colcon.colcon_core.package_identification:_identify(.) by extensions ['ros']
[1.701s] Level 1:colcon.colcon_core.package_identification:_identify(.) by extension 'ros'
[1.744s] Level 1:colcon.colcon_core.package_identification:_identify(.) by extensions ['cmake', 'python']
[1.744s] Level 1:colcon.colcon_core.package_identification:_identify(.) by extension 'cmake'
[1.744s] Level 1:colcon.colcon_core.package_identification:_identify(.) by extension 'python'
[1.745s] Level 1:colcon.colcon_core.package_identification:_identify(.) by extensions ['python_setup_py']
[1.745s] Level 1:colcon.colcon_core.package_identification:_identify(.) by extension 'python_setup_py'
[1.745s] Level 1:colcon.colcon_core.package_identification:_identify(build) by extensions ['ignore', 'ignore_ament_install']
[1.746s] Level 1:colcon.colcon_core.package_identification:_identify(build) by extension 'ignore'
[1.746s] Level 1:colcon.colcon_core.package_identification:_identify(build) ignored
[1.746s] Level 1:colcon.colcon_core.package_identification:_identify(imc_ros_bridge) by extensions ['ignore', 'ignore_ament_install']
[1.747s] Level 1:colcon.colcon_core.package_identification:_identify(imc_ros_bridge) by extension 'ignore'
[1.747s] Level 1:colcon.colcon_core.package_identification:_identify(imc_ros_bridge) by extension 'ignore_ament_install'
[1.747s] Level 1:colcon.colcon_core.package_identification:_identify(imc_ros_bridge) by extensions ['colcon_pkg']
[1.747s] Level 1:colcon.colcon_core.package_identification:_identify(imc_ros_bridge) by extension 'colcon_pkg'
[1.747s] Level 1:colcon.colcon_core.package_identification:_identify(imc_ros_bridge) by extensions ['colcon_meta']
[1.748s] Level 1:colcon.colcon_core.package_identification:_identify(imc_ros_bridge) by extension 'colcon_meta'
[1.748s] Level 1:colcon.colcon_core.package_identification:_identify(imc_ros_bridge) by extensions ['ros']
[1.748s] Level 1:colcon.colcon_core.package_identification:_identify(imc_ros_bridge) by extension 'ros'
[1.757s] DEBUG:colcon.colcon_core.package_identification:Package 'imc_ros_bridge' with type 'ros.ament_cmake' and name 'imc_ros_bridge'
[1.758s] Level 1:colcon.colcon_core.package_identification:_identify(imc_ros_msgs) by extensions ['ignore', 'ignore_ament_install']
[1.758s] Level 1:colcon.colcon_core.package_identification:_identify(imc_ros_msgs) by extension 'ignore'
[1.758s] Level 1:colcon.colcon_core.package_identification:_identify(imc_ros_msgs) by extension 'ignore_ament_install'
[1.759s] Level 1:colcon.colcon_core.package_identification:_identify(imc_ros_msgs) by extensions ['colcon_pkg']
[1.759s] Level 1:colcon.colcon_core.package_identification:_identify(imc_ros_msgs) by extension 'colcon_pkg'
[1.759s] Level 1:colcon.colcon_core.package_identification:_identify(imc_ros_msgs) by extensions ['colcon_meta']
[1.759s] Level 1:colcon.colcon_core.package_identification:_identify(imc_ros_msgs) by extension 'colcon_meta'
[1.759s] Level 1:colcon.colcon_core.package_identification:_identify(imc_ros_msgs) by extensions ['ros']
[1.759s] Level 1:colcon.colcon_core.package_identification:_identify(imc_ros_msgs) by extension 'ros'
[1.762s] DEBUG:colcon.colcon_core.package_identification:Package 'imc_ros_msgs' with type 'ros.ament_cmake' and name 'imc_ros_msgs'
[1.762s] Level 1:colcon.colcon_core.package_identification:_identify(install) by extensions ['ignore', 'ignore_ament_install']
[1.763s] Level 1:colcon.colcon_core.package_identification:_identify(install) by extension 'ignore'
[1.763s] Level 1:colcon.colcon_core.package_identification:_identify(install) ignored
[1.763s] Level 1:colcon.colcon_core.package_identification:_identify(log) by extensions ['ignore', 'ignore_ament_install']
[1.764s] Level 1:colcon.colcon_core.package_identification:_identify(log) by extension 'ignore'
[1.764s] Level 1:colcon.colcon_core.package_identification:_identify(log) ignored
[1.764s] Level 1:colcon.colcon_core.package_discovery:discover_packages(recursive) using defaults
[1.764s] Level 1:colcon.colcon_core.package_discovery:discover_packages(ignore) discover
[1.764s] Level 1:colcon.colcon_core.package_discovery:discover_packages(ignore) using defaults
[1.764s] Level 1:colcon.colcon_core.package_discovery:discover_packages(path) discover
[1.765s] Level 1:colcon.colcon_core.package_discovery:discover_packages(path) using defaults
[1.847s] INFO:colcon.colcon_core.package_selection:Skipping not selected package 'imc_ros_bridge' in 'imc_ros_bridge'
[1.850s] Level 1:colcon.colcon_core.package_discovery:discover_packages(prefix_path) check parameters
[1.850s] Level 1:colcon.colcon_core.package_discovery:discover_packages(prefix_path) discover
[1.862s] DEBUG:colcon.colcon_installed_package_information.package_discovery:Found 285 installed packages in /opt/ros/humble
[1.868s] Level 1:colcon.colcon_core.package_discovery:discover_packages(prefix_path) using defaults
[2.112s] Level 5:colcon.colcon_core.verb:set package 'imc_ros_msgs' build argument 'cmake_args' from command line to 'None'
[2.112s] Level 5:colcon.colcon_core.verb:set package 'imc_ros_msgs' build argument 'cmake_target' from command line to 'None'
[2.112s] Level 5:colcon.colcon_core.verb:set package 'imc_ros_msgs' build argument 'cmake_target_skip_unavailable' from command line to 'False'
[2.112s] Level 5:colcon.colcon_core.verb:set package 'imc_ros_msgs' build argument 'cmake_clean_cache' from command line to 'False'
[2.113s] Level 5:colcon.colcon_core.verb:set package 'imc_ros_msgs' build argument 'cmake_clean_first' from command line to 'False'
[2.113s] Level 5:colcon.colcon_core.verb:set package 'imc_ros_msgs' build argument 'cmake_force_configure' from command line to 'False'
[2.113s] Level 5:colcon.colcon_core.verb:set package 'imc_ros_msgs' build argument 'ament_cmake_args' from command line to 'None'
[2.113s] Level 5:colcon.colcon_core.verb:set package 'imc_ros_msgs' build argument 'catkin_cmake_args' from command line to 'None'
[2.113s] Level 5:colcon.colcon_core.verb:set package 'imc_ros_msgs' build argument 'catkin_skip_building_tests' from command line to 'False'
[2.113s] DEBUG:colcon.colcon_core.verb:Building package 'imc_ros_msgs' with the following arguments: {'ament_cmake_args': None, 'build_base': '/home/olaya/ros2_ws/src/imc_ros/build/imc_ros_msgs', 'catkin_cmake_args': None, 'catkin_skip_building_tests': False, 'cmake_args': None, 'cmake_clean_cache': False, 'cmake_clean_first': False, 'cmake_force_configure': False, 'cmake_target': None, 'cmake_target_skip_unavailable': False, 'install_base': '/home/olaya/ros2_ws/src/imc_ros/install/imc_ros_msgs', 'merge_install': False, 'path': '/home/olaya/ros2_ws/src/imc_ros/imc_ros_msgs', 'symlink_install': False, 'test_result_base': None}
[2.116s] INFO:colcon.colcon_core.executor:Executing jobs using 'parallel' executor
[2.127s] DEBUG:colcon.colcon_parallel_executor.executor.parallel:run_until_complete
[2.127s] INFO:colcon.colcon_ros.task.ament_cmake.build:Building ROS package in '/home/olaya/ros2_ws/src/imc_ros/imc_ros_msgs' with build type 'ament_cmake'
[2.128s] INFO:colcon.colcon_cmake.task.cmake.build:Building CMake package in '/home/olaya/ros2_ws/src/imc_ros/imc_ros_msgs'
[2.143s] INFO:colcon.colcon_core.plugin_system:Skipping extension 'colcon_core.shell.bat': Not used on non-Windows systems
[2.144s] INFO:colcon.colcon_core.shell:Skip shell extension 'powershell' for command environment: Not usable outside of PowerShell
[2.144s] DEBUG:colcon.colcon_core.shell:Skip shell extension 'dsv' for command environment
[2.182s] DEBUG:colcon.colcon_core.event_handler.log_command:Invoking command in '/home/olaya/ros2_ws/src/imc_ros/build/imc_ros_msgs': CMAKE_PREFIX_PATH=/opt/ros/humble /usr/bin/cmake /home/olaya/ros2_ws/src/imc_ros/imc_ros_msgs -DCMAKE_INSTALL_PREFIX=/home/olaya/ros2_ws/src/imc_ros/install/imc_ros_msgs
[9.465s] DEBUG:colcon.colcon_core.event_handler.log_command:Invoked command in '/home/olaya/ros2_ws/src/imc_ros/build/imc_ros_msgs' returned '0': CMAKE_PREFIX_PATH=/opt/ros/humble /usr/bin/cmake /home/olaya/ros2_ws/src/imc_ros/imc_ros_msgs -DCMAKE_INSTALL_PREFIX=/home/olaya/ros2_ws/src/imc_ros/install/imc_ros_msgs
[9.473s] DEBUG:colcon.colcon_core.event_handler.log_command:Invoking command in '/home/olaya/ros2_ws/src/imc_ros/build/imc_ros_msgs': CMAKE_PREFIX_PATH=/opt/ros/humble /usr/bin/cmake --build /home/olaya/ros2_ws/src/imc_ros/build/imc_ros_msgs -- -j16 -l16
[53.523s] DEBUG:colcon.colcon_core.event_handler.log_command:Invoked command in '/home/olaya/ros2_ws/src/imc_ros/build/imc_ros_msgs' returned '0': CMAKE_PREFIX_PATH=/opt/ros/humble /usr/bin/cmake --build /home/olaya/ros2_ws/src/imc_ros/build/imc_ros_msgs -- -j16 -l16
[54.665s] DEBUG:colcon.colcon_core.event_handler.log_command:Invoking command in '/home/olaya/ros2_ws/src/imc_ros/build/imc_ros_msgs': CMAKE_PREFIX_PATH=/opt/ros/humble /usr/bin/cmake --install /home/olaya/ros2_ws/src/imc_ros/build/imc_ros_msgs
[55.168s] Level 1:colcon.colcon_core.environment:create_environment_scripts_only(imc_ros_msgs)
[55.172s] DEBUG:colcon.colcon_core.event_handler.log_command:Invoked command in '/home/olaya/ros2_ws/src/imc_ros/build/imc_ros_msgs' returned '0': CMAKE_PREFIX_PATH=/opt/ros/humble /usr/bin/cmake --install /home/olaya/ros2_ws/src/imc_ros/build/imc_ros_msgs
[55.192s] Level 1:colcon.colcon_core.environment:checking '/home/olaya/ros2_ws/src/imc_ros/install/imc_ros_msgs' for CMake module files
[55.195s] Level 1:colcon.colcon_core.environment:checking '/home/olaya/ros2_ws/src/imc_ros/install/imc_ros_msgs' for CMake config files
[55.196s] Level 1:colcon.colcon_core.shell:create_environment_hook('imc_ros_msgs', 'cmake_prefix_path')
[55.201s] INFO:colcon.colcon_core.shell:Creating environment hook '/home/olaya/ros2_ws/src/imc_ros/install/imc_ros_msgs/share/imc_ros_msgs/hook/cmake_prefix_path.ps1'
[55.214s] INFO:colcon.colcon_core.shell:Creating environment descriptor '/home/olaya/ros2_ws/src/imc_ros/install/imc_ros_msgs/share/imc_ros_msgs/hook/cmake_prefix_path.dsv'
[55.216s] INFO:colcon.colcon_core.shell:Creating environment hook '/home/olaya/ros2_ws/src/imc_ros/install/imc_ros_msgs/share/imc_ros_msgs/hook/cmake_prefix_path.sh'
[55.221s] Level 1:colcon.colcon_core.environment:checking '/home/olaya/ros2_ws/src/imc_ros/install/imc_ros_msgs/lib'
[55.222s] Level 1:colcon.colcon_core.shell:create_environment_hook('imc_ros_msgs', 'ld_library_path_lib')
[55.231s] INFO:colcon.colcon_core.shell:Creating environment hook '/home/olaya/ros2_ws/src/imc_ros/install/imc_ros_msgs/share/imc_ros_msgs/hook/ld_library_path_lib.ps1'
[55.233s] INFO:colcon.colcon_core.shell:Creating environment descriptor '/home/olaya/ros2_ws/src/imc_ros/install/imc_ros_msgs/share/imc_ros_msgs/hook/ld_library_path_lib.dsv'
[55.235s] INFO:colcon.colcon_core.shell:Creating environment hook '/home/olaya/ros2_ws/src/imc_ros/install/imc_ros_msgs/share/imc_ros_msgs/hook/ld_library_path_lib.sh'
[55.237s] Level 1:colcon.colcon_core.environment:checking '/home/olaya/ros2_ws/src/imc_ros/install/imc_ros_msgs/bin'
[55.237s] Level 1:colcon.colcon_core.environment:checking '/home/olaya/ros2_ws/src/imc_ros/install/imc_ros_msgs/lib/pkgconfig/imc_ros_msgs.pc'
[55.238s] Level 1:colcon.colcon_core.environment:checking '/home/olaya/ros2_ws/src/imc_ros/install/imc_ros_msgs/lib/python3.10/site-packages'
[55.240s] Level 1:colcon.colcon_core.environment:checking '/home/olaya/ros2_ws/src/imc_ros/install/imc_ros_msgs/bin'
[55.249s] INFO:colcon.colcon_core.shell:Creating package script '/home/olaya/ros2_ws/src/imc_ros/install/imc_ros_msgs/share/imc_ros_msgs/package.ps1'
[55.254s] INFO:colcon.colcon_core.shell:Creating package descriptor '/home/olaya/ros2_ws/src/imc_ros/install/imc_ros_msgs/share/imc_ros_msgs/package.dsv'
[55.257s] INFO:colcon.colcon_core.shell:Creating package script '/home/olaya/ros2_ws/src/imc_ros/install/imc_ros_msgs/share/imc_ros_msgs/package.sh'
[55.261s] INFO:colcon.colcon_core.shell:Creating package script '/home/olaya/ros2_ws/src/imc_ros/install/imc_ros_msgs/share/imc_ros_msgs/package.bash'
[55.265s] INFO:colcon.colcon_core.shell:Creating package script '/home/olaya/ros2_ws/src/imc_ros/install/imc_ros_msgs/share/imc_ros_msgs/package.zsh'
[55.269s] Level 1:colcon.colcon_core.environment:create_file_with_runtime_dependencies(/home/olaya/ros2_ws/src/imc_ros/install/imc_ros_msgs/share/colcon-core/packages/imc_ros_msgs)
[56.391s] Level 1:colcon.colcon_core.environment:create_environment_scripts_only(imc_ros_msgs)
[56.400s] Level 1:colcon.colcon_core.environment:checking '/home/olaya/ros2_ws/src/imc_ros/install/imc_ros_msgs' for CMake module files
[56.402s] Level 1:colcon.colcon_core.environment:checking '/home/olaya/ros2_ws/src/imc_ros/install/imc_ros_msgs' for CMake config files
[56.403s] Level 1:colcon.colcon_core.shell:create_environment_hook('imc_ros_msgs', 'cmake_prefix_path')
[56.408s] INFO:colcon.colcon_core.shell:Creating environment hook '/home/olaya/ros2_ws/src/imc_ros/install/imc_ros_msgs/share/imc_ros_msgs/hook/cmake_prefix_path.ps1'
[56.410s] INFO:colcon.colcon_core.shell:Creating environment descriptor '/home/olaya/ros2_ws/src/imc_ros/install/imc_ros_msgs/share/imc_ros_msgs/hook/cmake_prefix_path.dsv'
[56.411s] INFO:colcon.colcon_core.shell:Creating environment hook '/home/olaya/ros2_ws/src/imc_ros/install/imc_ros_msgs/share/imc_ros_msgs/hook/cmake_prefix_path.sh'
[56.413s] Level 1:colcon.colcon_core.environment:checking '/home/olaya/ros2_ws/src/imc_ros/install/imc_ros_msgs/lib'
[56.413s] Level 1:colcon.colcon_core.shell:create_environment_hook('imc_ros_msgs', 'ld_library_path_lib')
[56.418s] INFO:colcon.colcon_core.shell:Creating environment hook '/home/olaya/ros2_ws/src/imc_ros/install/imc_ros_msgs/share/imc_ros_msgs/hook/ld_library_path_lib.ps1'
[56.419s] INFO:colcon.colcon_core.shell:Creating environment descriptor '/home/olaya/ros2_ws/src/imc_ros/install/imc_ros_msgs/share/imc_ros_msgs/hook/ld_library_path_lib.dsv'
[56.420s] INFO:colcon.colcon_core.shell:Creating environment hook '/home/olaya/ros2_ws/src/imc_ros/install/imc_ros_msgs/share/imc_ros_msgs/hook/ld_library_path_lib.sh'
[56.421s] Level 1:colcon.colcon_core.environment:checking '/home/olaya/ros2_ws/src/imc_ros/install/imc_ros_msgs/bin'
[56.422s] Level 1:colcon.colcon_core.environment:checking '/home/olaya/ros2_ws/src/imc_ros/install/imc_ros_msgs/lib/pkgconfig/imc_ros_msgs.pc'
[56.422s] Level 1:colcon.colcon_core.environment:checking '/home/olaya/ros2_ws/src/imc_ros/install/imc_ros_msgs/lib/python3.10/site-packages'
[56.423s] Level 1:colcon.colcon_core.environment:checking '/home/olaya/ros2_ws/src/imc_ros/install/imc_ros_msgs/bin'
[56.429s] INFO:colcon.colcon_core.shell:Creating package script '/home/olaya/ros2_ws/src/imc_ros/install/imc_ros_msgs/share/imc_ros_msgs/package.ps1'
[56.431s] INFO:colcon.colcon_core.shell:Creating package descriptor '/home/olaya/ros2_ws/src/imc_ros/install/imc_ros_msgs/share/imc_ros_msgs/package.dsv'
[56.432s] INFO:colcon.colcon_core.shell:Creating package script '/home/olaya/ros2_ws/src/imc_ros/install/imc_ros_msgs/share/imc_ros_msgs/package.sh'
[56.434s] INFO:colcon.colcon_core.shell:Creating package script '/home/olaya/ros2_ws/src/imc_ros/install/imc_ros_msgs/share/imc_ros_msgs/package.bash'
[56.435s] INFO:colcon.colcon_core.shell:Creating package script '/home/olaya/ros2_ws/src/imc_ros/install/imc_ros_msgs/share/imc_ros_msgs/package.zsh'
[56.437s] Level 1:colcon.colcon_core.environment:create_file_with_runtime_dependencies(/home/olaya/ros2_ws/src/imc_ros/install/imc_ros_msgs/share/colcon-core/packages/imc_ros_msgs)
[56.438s] DEBUG:colcon.colcon_parallel_executor.executor.parallel:closing loop
[56.440s] DEBUG:colcon.colcon_parallel_executor.executor.parallel:loop closed
[56.440s] DEBUG:colcon.colcon_parallel_executor.executor.parallel:run_until_complete finished with '0'
[56.440s] DEBUG:colcon.colcon_core.event_reactor:joining thread
[56.466s] INFO:colcon.colcon_core.plugin_system:Skipping extension 'colcon_notification.desktop_notification.terminal_notifier': Not used on non-Darwin systems
[56.466s] INFO:colcon.colcon_core.plugin_system:Skipping extension 'colcon_notification.desktop_notification.win32': Not used on non-Windows systems
[56.467s] INFO:colcon.colcon_notification.desktop_notification:Sending desktop notification using 'notify2'
[56.507s] DEBUG:colcon.colcon_core.event_reactor:joined thread
[56.513s] INFO:colcon.colcon_core.shell:Creating prefix script '/home/olaya/ros2_ws/src/imc_ros/install/local_setup.ps1'
[56.517s] INFO:colcon.colcon_core.shell:Creating prefix util module '/home/olaya/ros2_ws/src/imc_ros/install/_local_setup_util_ps1.py'
[56.521s] INFO:colcon.colcon_core.shell:Creating prefix chain script '/home/olaya/ros2_ws/src/imc_ros/install/setup.ps1'
[56.526s] INFO:colcon.colcon_core.shell:Creating prefix script '/home/olaya/ros2_ws/src/imc_ros/install/local_setup.sh'
[56.529s] INFO:colcon.colcon_core.shell:Creating prefix util module '/home/olaya/ros2_ws/src/imc_ros/install/_local_setup_util_sh.py'
[56.531s] INFO:colcon.colcon_core.shell:Creating prefix chain script '/home/olaya/ros2_ws/src/imc_ros/install/setup.sh'
[56.536s] INFO:colcon.colcon_core.shell:Creating prefix script '/home/olaya/ros2_ws/src/imc_ros/install/local_setup.bash'
[56.537s] INFO:colcon.colcon_core.shell:Creating prefix chain script '/home/olaya/ros2_ws/src/imc_ros/install/setup.bash'
[56.542s] INFO:colcon.colcon_core.shell:Creating prefix script '/home/olaya/ros2_ws/src/imc_ros/install/local_setup.zsh'
[56.543s] INFO:colcon.colcon_core.shell:Creating prefix chain script '/home/olaya/ros2_ws/src/imc_ros/install/setup.zsh'
